[debug] [2023-04-27T15:00:52.823Z] ----------------------------------------------------------------------
[debug] [2023-04-27T15:00:52.825Z] Command:       C:\Program Files\nodejs\node.exe C:\Users\gorke\AppData\Roaming\npm\node_modules\firebase-tools\lib\bin\firebase.js init
[debug] [2023-04-27T15:00:52.826Z] CLI Version:   11.29.1
[debug] [2023-04-27T15:00:52.826Z] Platform:      win32
[debug] [2023-04-27T15:00:52.826Z] Node Version:  v16.17.0
[debug] [2023-04-27T15:00:52.828Z] Time:          Thu Apr 27 2023 18:00:52 GMT+0300 (GMT+03:00)
[debug] [2023-04-27T15:00:52.828Z] ----------------------------------------------------------------------
[debug] 
[debug] [2023-04-27T15:00:52.832Z] >>> [apiv2][query] GET https://firebase-public.firebaseio.com/cli.json [none]
[debug] [2023-04-27T15:00:52.863Z] > command requires scopes: ["email","openid","https://www.googleapis.com/auth/cloudplatformprojects.readonly","https://www.googleapis.com/auth/firebase","https://www.googleapis.com/auth/cloud-platform"]
[debug] [2023-04-27T15:00:52.864Z] > authorizing via signed-in user (gorkem_aydogdu15@hotmail.com)
[info] 
     ######## #### ########  ######## ########     ###     ######  ########
     ##        ##  ##     ## ##       ##     ##  ##   ##  ##       ##
     ######    ##  ########  ######   ########  #########  ######  ######
     ##        ##  ##    ##  ##       ##     ## ##     ##       ## ##
     ##       #### ##     ## ######## ########  ##     ##  ######  ########

You're about to initialize a Firebase project in this directory:

  C:\Users\gorke\Desktop\New Folder\PROJELER\WEB GELISTIRME\UYGULAMA\REACT\lemkus\backend

[debug] [2023-04-27T15:00:53.319Z] <<< [apiv2][status] GET https://firebase-public.firebaseio.com/cli.json 200
[debug] [2023-04-27T15:00:53.320Z] <<< [apiv2][body] GET https://firebase-public.firebaseio.com/cli.json {"cloudBuildErrorAfter":1594252800000,"cloudBuildWarnAfter":1590019200000,"defaultNode10After":1594252800000,"minVersion":"3.0.5","node8DeploysDisabledAfter":1613390400000,"node8RuntimeDisabledAfter":1615809600000,"node8WarnAfter":1600128000000}
[info] 
=== Project Setup
[info] 
[info] First, let's associate this project directory with a Firebase project.
[info] You can create multiple project aliases by running firebase use --add, 
[info] but for now we'll just set up a default project.
[info] 
